生成启动时间为 2016/7/28 22:55:59。
     1>项目“E:\VS2010\VS2010Storage\ConnectMysqlTest\ConnectMysqlTest\ConnectMysqlTest.vcxproj”在节点 2 上(build 个目标)。
     1>InitializeBuildStatus:
         正在对“Debug\ConnectMysqlTest.unsuccessfulbuild”执行 Touch 任务。
       ClCompile:
         C:\Program Files (x86)\Microsoft Visual Studio 10.0\VC\bin\CL.exe /c /I"D:\MySQL5.7.13\mysql-5.7.13-winx64\include" /ZI /nologo /W3 /WX- /Od /Oy- /D WIN32 /D _DEBUG /D _CONSOLE /D _UNICODE /D UNICODE /Gm /EHsc /RTC1 /MDd /GS /fp:precise /Zc:wchar_t /Zc:forScope /Fo"Debug\\" /Fd"Debug\vc100.pdb" /Gd /TP /analyze- /errorReport:prompt ConnectMysqlTest.cpp
         ConnectMysqlTest.cpp
       ManifestResourceCompile:
         所有输出均为最新。
       Link:
         C:\Program Files (x86)\Microsoft Visual Studio 10.0\VC\bin\link.exe /ERRORREPORT:PROMPT /OUT:"E:\VS2010\VS2010Storage\ConnectMysqlTest\Debug\ConnectMysqlTest.exe" /INCREMENTAL /NOLOGO /LIBPATH:"D:\MySQL5.7.13\mysql-5.7.13-winx64\lib" libmysql.lib kernel32.lib user32.lib gdi32.lib winspool.lib comdlg32.lib advapi32.lib shell32.lib ole32.lib oleaut32.lib uuid.lib odbc32.lib odbccp32.lib /MANIFEST /ManifestFile:"Debug\ConnectMysqlTest.exe.intermediate.manifest" /MANIFESTUAC:"level='asInvoker' uiAccess='false'" /DEBUG /PDB:"E:\VS2010\VS2010Storage\ConnectMysqlTest\Debug\ConnectMysqlTest.pdb" /SUBSYSTEM:CONSOLE /TLBID:1 /DYNAMICBASE /NXCOMPAT /IMPLIB:"E:\VS2010\VS2010Storage\ConnectMysqlTest\Debug\ConnectMysqlTest.lib" /MACHINE:X86 Debug\ConnectMysqlTest.exe.embed.manifest.res
         Debug\ConnectMysqlTest.obj
     1>ConnectMysqlTest.obj : error LNK2019: 无法解析的外部符号 _mysql_real_connect@32，该符号在函数 _main 中被引用
     1>ConnectMysqlTest.obj : error LNK2019: 无法解析的外部符号 _mysql_init@4，该符号在函数 _main 中被引用
     1>E:\VS2010\VS2010Storage\ConnectMysqlTest\Debug\ConnectMysqlTest.exe : fatal error LNK1120: 2 个无法解析的外部命令
     1>已完成生成项目“E:\VS2010\VS2010Storage\ConnectMysqlTest\ConnectMysqlTest\ConnectMysqlTest.vcxproj”(build 个目标)的操作 - 失败。

生成失败。

已用时间 00:00:01.83
